<?xml version="1.0" encoding="UTF-8"?>
<!-- Generated by org.testng.reporters.JUnitReportReporter -->
<testsuite skipped="0" hostname="Manish1185" name="com.crm.qa.testcases.LoginPageTest" tests="3" failures="0" timestamp="13 Jul 2018 08:57:15 GMT" time="40.296" errors="0">
  <testcase name="loginPageTitleTest" time="10.487" classname="com.crm.qa.testcases.LoginPageTest"/>
  <testcase name="crmLogoImageTest" time="11.807" classname="com.crm.qa.testcases.LoginPageTest"/>
  <testcase name="loginTest" time="18.002" classname="com.crm.qa.testcases.LoginPageTest"/>
</testsuite> <!-- com.crm.qa.testcases.LoginPageTest -->
