<?xml version="1.0" encoding="UTF-8"?>
<!-- Generated by org.testng.reporters.JUnitReportReporter -->
<testsuite skipped="0" hostname="Manish1185" name="com.crm.qa.testcases.HomePageTest" tests="3" failures="0" timestamp="13 Jul 2018 08:57:15 GMT" time="65.011" errors="0">
  <testcase name="verifyHomePageTitleTest" time="19.736" classname="com.crm.qa.testcases.HomePageTest"/>
  <testcase name="verifyUserNameTest" time="21.509" classname="com.crm.qa.testcases.HomePageTest"/>
  <testcase name="verifyContactsLinkTest" time="23.766" classname="com.crm.qa.testcases.HomePageTest"/>
</testsuite> <!-- com.crm.qa.testcases.HomePageTest -->
